<?xml version="1.0" encoding="UTF-8"?>
<testng-results skipped="0" failed="0" ignored="0" total="1" passed="1">
  <reporter-output>
  </reporter-output>
  <suite name="Default suite" duration-ms="43778" started-at="2019-12-26T23:53:08Z" finished-at="2019-12-26T23:53:51Z">
    <groups>
    </groups>
    <test name="Default test" duration-ms="43778" started-at="2019-12-26T23:53:08Z" finished-at="2019-12-26T23:53:51Z">
      <class name="com.qa.hs.tests.LoginTest">
        <test-method status="PASS" signature="loginTest()[pri:0, instance:com.qa.hs.tests.LoginTest@100a15d]" name="loginTest" duration-ms="43708" started-at="2019-12-27T05:23:08Z" finished-at="2019-12-27T05:23:51Z">
          <reporter-output>
          </reporter-output>
        </test-method> <!-- loginTest -->
      </class> <!-- com.qa.hs.tests.LoginTest -->
    </test> <!-- Default test -->
  </suite> <!-- Default suite -->
</testng-results>
